10:46:21 **** Incremental Build of configuration Debug for project Driver_Trial ****
make all 
Building file: ../main.c
Invoking: AVR Compiler
avr-gcc -Wall -g2 -gstabs -O0 -fpack-struct -fshort-enums -ffunction-sections -fdata-sections -std=gnu99 -funsigned-char -funsigned-bitfields -mmcu=atmega32 -DF_CPU=8000000UL -MMD -MP -MF"main.d" -MT"main.o" -c -o "main.o" "../main.c"
In file included from ../main.c:10:
d:/courses and tutorials/imt es diploma/00-tools/03-imt sdk/03- imt sdk/imt_sdk_win_64/winavr/lib/gcc/../../avr/include/util/delay.h:90:3: warning: #warning "Compiler optimizations disabled; functions from <util/delay.h> won't work as designed"
../main.c:12: warning: return type of 'main' is not 'int'
Finished building: ../main.c
 
Building target: Driver_Trial.elf
Invoking: AVR C Linker
avr-gcc -Wl,-Map,Driver_Trial.map -mmcu=atmega32 -o "Driver_Trial.elf"  ./DIO.o ./main.o   
Finished building target: Driver_Trial.elf
 
Invoking: AVR Create Extended Listing
avr-objdump -h -S Driver_Trial.elf  >"Driver_Trial.lss"
Finished building: Driver_Trial.lss
 
Create Flash image (ihex format)
avr-objcopy -R .eeprom -R .fuse -R .lock -R .signature -O ihex Driver_Trial.elf  "Driver_Trial.hex"
Finished building: Driver_Trial.hex
 
Invoking: Print Size
avr-size --format=avr --mcu=atmega32 Driver_Trial.elf
AVR Memory Usage
----------------
Device: atmega32

Program:    2092 bytes (6.4% Full)
(.text + .data + .bootloader)

Data:          0 bytes (0.0% Full)
(.data + .bss + .noinit)


Finished building: sizedummy
 

10:46:21 Build Finished (took 565ms)

