00:08:51 **** Incremental Build of configuration Debug for project first ****
make all 
Building file: ../main.c
Invoking: AVR Compiler
avr-gcc -Wall -g2 -gstabs -O0 -fpack-struct -fshort-enums -ffunction-sections -fdata-sections -std=gnu99 -funsigned-char -funsigned-bitfields -mmcu=atmega32 -DF_CPU=8000000UL -MMD -MP -MF"main.d" -MT"main.o" -c -o "main.o" "../main.c"
In file included from ../main.c:8:
d:/courses and tutorials/imt es diploma/00-tools/03-imt sdk/03- imt sdk/imt_sdk_win_64/winavr/lib/gcc/../../avr/include/util/delay.h:90:3: warning: #warning "Compiler optimizations disabled; functions from <util/delay.h> won't work as designed"
../main.c:10: warning: return type of 'main' is not 'int'
Finished building: ../main.c
 
Building target: first.elf
Invoking: AVR C Linker
avr-gcc -Wl,-Map,first.map -mmcu=atmega32 -o "first.elf"  ./main.o   
Finished building target: first.elf
 
Invoking: AVR Create Extended Listing
avr-objdump -h -S first.elf  >"first.lss"
Finished building: first.lss
 
Create Flash image (ihex format)
avr-objcopy -R .eeprom -R .fuse -R .lock -R .signature -O ihex first.elf  "first.hex"
Finished building: first.hex
 
Invoking: Print Size
avr-size --format=avr --mcu=atmega32 first.elf
AVR Memory Usage
----------------
Device: atmega32

Program:    3512 bytes (10.7% Full)
(.text + .data + .bootloader)

Data:          8 bytes (0.4% Full)
(.data + .bss + .noinit)


Finished building: sizedummy
 

00:08:51 Build Finished (took 667ms)

