12:55:47 **** Incremental Build of configuration Debug for project INTRUPT ****
make all 
Building file: ../MCAL/INTERRUPT/INTERRUPT.c
Invoking: AVR Compiler
avr-gcc -Wall -g2 -gstabs -O0 -fpack-struct -fshort-enums -ffunction-sections -fdata-sections -std=gnu99 -funsigned-char -funsigned-bitfields -mmcu=atmega32 -DF_CPU=8000000UL -MMD -MP -MF"MCAL/INTERRUPT/INTERRUPT.d" -MT"MCAL/INTERRUPT/INTERRUPT.o" -c -o "MCAL/INTERRUPT/INTERRUPT.o" "../MCAL/INTERRUPT/INTERRUPT.c"
Finished building: ../MCAL/INTERRUPT/INTERRUPT.c
 
Building file: ../APP/main.c
Invoking: AVR Compiler
avr-gcc -Wall -g2 -gstabs -O0 -fpack-struct -fshort-enums -ffunction-sections -fdata-sections -std=gnu99 -funsigned-char -funsigned-bitfields -mmcu=atmega32 -DF_CPU=8000000UL -MMD -MP -MF"APP/main.d" -MT"APP/main.o" -c -o "APP/main.o" "../APP/main.c"
In file included from ../APP/main.c:8:
d:/courses and tutorials/imt es diploma/00-tools/03-imt sdk/03- imt sdk/imt_sdk_win_64/winavr/lib/gcc/../../avr/include/util/delay.h:90:3: warning: #warning "Compiler optimizations disabled; functions from <util/delay.h> won't work as designed"
../APP/main.c:19: warning: return type of 'main' is not 'int'
../APP/main.c:33:2: warning: "/*" within comment
../APP/main.c:37:2: warning: "/*" within comment
Finished building: ../APP/main.c
 
Building target: INTRUPT.elf
Invoking: AVR C Linker
avr-gcc -Wl,-Map,INTRUPT.map -mmcu=atmega32 -o "INTRUPT.elf"  ./MCAL/INTERRUPT/INTERRUPT.o  ./MCAL/DIO/DIO.o  ./HAL/LCD_handler/LCD_PRG.o  ./APP/main.o   
Finished building target: INTRUPT.elf
 
Invoking: AVR Create Extended Listing
avr-objdump -h -S INTRUPT.elf  >"INTRUPT.lss"
Finished building: INTRUPT.lss
 
Create Flash image (ihex format)
avr-objcopy -R .eeprom -R .fuse -R .lock -R .signature -O ihex INTRUPT.elf  "INTRUPT.hex"
Finished building: INTRUPT.hex
 
Invoking: Print Size
avr-size --format=avr --mcu=atmega32 INTRUPT.elf
AVR Memory Usage
----------------
Device: atmega32

Program:   10678 bytes (32.6% Full)
(.text + .data + .bootloader)

Data:          8 bytes (0.4% Full)
(.data + .bss + .noinit)


Finished building: sizedummy
 

12:55:49 Build Finished (took 2s.169ms)

