23:34:38 **** Incremental Build of configuration Debug for project password_task ****
make all 
Building file: ../main.c
Invoking: AVR Compiler
avr-gcc -Wall -g2 -gstabs -O0 -fpack-struct -fshort-enums -ffunction-sections -fdata-sections -std=gnu99 -funsigned-char -funsigned-bitfields -mmcu=atmega32 -DF_CPU=8000000UL -MMD -MP -MF"main.d" -MT"main.o" -c -o "main.o" "../main.c"
In file included from ../main.c:8:
d:/courses and tutorials/imt es diploma/00-tools/03-imt sdk/03- imt sdk/imt_sdk_win_64/winavr/lib/gcc/../../avr/include/util/delay.h:90:3: warning: #warning "Compiler optimizations disabled; functions from <util/delay.h> won't work as designed"
../main.c:9: warning: return type of 'main' is not 'int'
Finished building: ../main.c
 
Building target: password_task.elf
Invoking: AVR C Linker
avr-gcc -Wl,-Map,password_task.map -mmcu=atmega32 -o "password_task.elf"  ./main.o   
Finished building target: password_task.elf
 
Invoking: AVR Create Extended Listing
avr-objdump -h -S password_task.elf  >"password_task.lss"
Finished building: password_task.lss
 
Create Flash image (ihex format)
avr-objcopy -R .eeprom -R .fuse -R .lock -R .signature -O ihex password_task.elf  "password_task.hex"
Finished building: password_task.hex
 
Invoking: Print Size
avr-size --format=avr --mcu=atmega32 password_task.elf
AVR Memory Usage
----------------
Device: atmega32

Program:     172 bytes (0.5% Full)
(.text + .data + .bootloader)

Data:          0 bytes (0.0% Full)
(.data + .bss + .noinit)


Finished building: sizedummy
 

23:34:39 Build Finished (took 485ms)

