18:33:57 **** Incremental Build of configuration Debug for project SEVEN_SIG ****
make all 
Building file: ../main.c
Invoking: AVR Compiler
avr-gcc -Wall -g2 -gstabs -O0 -fpack-struct -fshort-enums -ffunction-sections -fdata-sections -std=gnu99 -funsigned-char -funsigned-bitfields -mmcu=atmega32 -DF_CPU=8000000UL -MMD -MP -MF"main.d" -MT"main.o" -c -o "main.o" "../main.c"
In file included from ../main.c:8:
d:/courses and tutorials/imt es diploma/00-tools/03-imt sdk/03- imt sdk/imt_sdk_win_64/winavr/lib/gcc/../../avr/include/util/delay.h:90:3: warning: #warning "Compiler optimizations disabled; functions from <util/delay.h> won't work as designed"
../main.c:10: warning: return type of 'main' is not 'int'
Finished building: ../main.c
 
Building target: SEVEN_SIG.elf
Invoking: AVR C Linker
avr-gcc -Wl,-Map,SEVEN_SIG.map -mmcu=atmega32 -o "SEVEN_SIG.elf"  ./main.o   
Finished building target: SEVEN_SIG.elf
 
Invoking: AVR Create Extended Listing
avr-objdump -h -S SEVEN_SIG.elf  >"SEVEN_SIG.lss"
Finished building: SEVEN_SIG.lss
 
Create Flash image (ihex format)
avr-objcopy -R .eeprom -R .fuse -R .lock -R .signature -O ihex SEVEN_SIG.elf  "SEVEN_SIG.hex"
Finished building: SEVEN_SIG.hex
 
Invoking: Print Size
avr-size --format=avr --mcu=atmega32 SEVEN_SIG.elf
AVR Memory Usage
----------------
Device: atmega32

Program:     472 bytes (1.4% Full)
(.text + .data + .bootloader)

Data:         10 bytes (0.5% Full)
(.data + .bss + .noinit)


Finished building: sizedummy
 

18:33:58 Build Finished (took 493ms)

