12:39:10 **** Incremental Build of configuration Debug for project UART ****
make all 
Building file: ../main.c
Invoking: AVR Compiler
avr-gcc -Wall -g2 -gstabs -O0 -fpack-struct -fshort-enums -ffunction-sections -fdata-sections -std=gnu99 -funsigned-char -funsigned-bitfields -mmcu=atmega32 -DF_CPU=8000000UL -MMD -MP -MF"main.d" -MT"main.o" -c -o "main.o" "../main.c"
In file included from ../main.c:12:
d:/courses and tutorials/imt es diploma/00-tools/03-imt sdk/03- imt sdk/imt_sdk_win_64/winavr/lib/gcc/../../avr/include/avr/delay.h:36:2: warning: #warning "This file has been moved to <util/delay.h>."
In file included from d:/courses and tutorials/imt es diploma/00-tools/03-imt sdk/03- imt sdk/imt_sdk_win_64/winavr/lib/gcc/../../avr/include/avr/delay.h:37,
                 from ../main.c:12:
d:/courses and tutorials/imt es diploma/00-tools/03-imt sdk/03- imt sdk/imt_sdk_win_64/winavr/lib/gcc/../../avr/include/util/delay.h:90:3: warning: #warning "Compiler optimizations disabled; functions from <util/delay.h> won't work as designed"
../main.c:35: warning: return type of 'main' is not 'int'
Finished building: ../main.c
 
Building target: UART.elf
Invoking: AVR C Linker
avr-gcc -Wl,-Map,UART.map -mmcu=atmega32 -o "UART.elf"  ./MCAL/INTERRUPT/INTERRUPT.o  ./MCAL/DIO/DIO.o  ./MCAL/ADC/ADC.o  ./HAL/LCD_handler/LCD_PRG.o  ./main.o   
Finished building target: UART.elf
 
Invoking: AVR Create Extended Listing
avr-objdump -h -S UART.elf  >"UART.lss"
Finished building: UART.lss
 
Create Flash image (ihex format)
avr-objcopy -R .eeprom -R .fuse -R .lock -R .signature -O ihex UART.elf  "UART.hex"
Finished building: UART.hex
 
Invoking: Print Size
avr-size --format=avr --mcu=atmega32 UART.elf
AVR Memory Usage
----------------
Device: atmega32

Program:   12672 bytes (38.7% Full)
(.text + .data + .bootloader)

Data:        266 bytes (13.0% Full)
(.data + .bss + .noinit)


Finished building: sizedummy
 

12:39:12 Build Finished (took 2s.373ms)

